[2014-11-18 09:20:45] MicroCMS.INFO: Matched route "GET_" (parameters: "_controller": "{}", "_route": "GET_") [] []
[2014-11-18 09:20:45] MicroCMS.INFO: > GET / [] []
[2014-11-18 09:20:46] MicroCMS.INFO: < 200 [] []
[2014-11-18 09:20:49] MicroCMS.INFO: Matched route "_wdt" (parameters: "_controller": "web_profiler.controller.profiler:toolbarAction", "token": "adbcfd", "_route": "_wdt") [] []
[2014-11-18 09:20:49] MicroCMS.INFO: > GET /_profiler/wdt/adbcfd [] []
[2014-11-18 09:20:50] MicroCMS.INFO: < 200 [] []
[2014-11-18 09:20:53] MicroCMS.INFO: Matched route "logout" (parameters: "_controller": "null", "_route": "logout") [] []
[2014-11-18 09:20:54] MicroCMS.INFO: < 302 http://localhost2/ [] []
[2014-11-18 09:20:56] MicroCMS.INFO: Matched route "GET_" (parameters: "_controller": "{}", "_route": "GET_") [] []
[2014-11-18 09:20:56] MicroCMS.INFO: Populated SecurityContext with an anonymous Token [] []
[2014-11-18 09:20:56] MicroCMS.INFO: > GET / [] []
[2014-11-18 09:20:57] MicroCMS.INFO: < 200 [] []
[2014-11-18 09:21:00] MicroCMS.INFO: Matched route "_wdt" (parameters: "_controller": "web_profiler.controller.profiler:toolbarAction", "token": "a05dcc", "_route": "_wdt") [] []
[2014-11-18 09:21:00] MicroCMS.INFO: Populated SecurityContext with an anonymous Token [] []
[2014-11-18 09:21:00] MicroCMS.INFO: > GET /_profiler/wdt/a05dcc [] []
[2014-11-18 09:21:03] MicroCMS.INFO: < 200 [] []
[2014-11-18 09:21:04] MicroCMS.INFO: Matched route "login" (parameters: "_controller": "{}", "_route": "login") [] []
[2014-11-18 09:21:04] MicroCMS.INFO: Populated SecurityContext with an anonymous Token [] []
[2014-11-18 09:21:04] MicroCMS.INFO: > GET /login [] []
[2014-11-18 09:21:05] MicroCMS.INFO: < 200 [] []
[2014-11-18 09:21:07] MicroCMS.INFO: Matched route "_wdt" (parameters: "_controller": "web_profiler.controller.profiler:toolbarAction", "token": "078cf5", "_route": "_wdt") [] []
[2014-11-18 09:21:07] MicroCMS.INFO: Populated SecurityContext with an anonymous Token [] []
[2014-11-18 09:21:07] MicroCMS.INFO: > GET /_profiler/wdt/078cf5 [] []
[2014-11-18 09:21:08] MicroCMS.INFO: < 200 [] []
[2014-11-18 09:21:20] MicroCMS.INFO: Matched route "login_check" (parameters: "_controller": "null", "_route": "login_check") [] []
[2014-11-18 09:21:21] MicroCMS.INFO: Authentication request failed: Bad credentials [] []
[2014-11-18 09:21:21] MicroCMS.INFO: < 302 http://localhost2/login [] []
[2014-11-18 09:21:23] MicroCMS.INFO: Matched route "login" (parameters: "_controller": "{}", "_route": "login") [] []
[2014-11-18 09:21:23] MicroCMS.INFO: Populated SecurityContext with an anonymous Token [] []
[2014-11-18 09:21:23] MicroCMS.INFO: > GET /login [] []
[2014-11-18 09:21:24] MicroCMS.INFO: < 200 [] []
[2014-11-18 09:21:27] MicroCMS.INFO: Matched route "_wdt" (parameters: "_controller": "web_profiler.controller.profiler:toolbarAction", "token": "0b2f09", "_route": "_wdt") [] []
[2014-11-18 09:21:27] MicroCMS.INFO: Populated SecurityContext with an anonymous Token [] []
[2014-11-18 09:21:27] MicroCMS.INFO: > GET /_profiler/wdt/0b2f09 [] []
[2014-11-18 09:21:29] MicroCMS.INFO: < 200 [] []
[2014-11-18 09:21:35] MicroCMS.INFO: Matched route "login_check" (parameters: "_controller": "null", "_route": "login_check") [] []
[2014-11-18 09:21:35] MicroCMS.INFO: User "JohnDoe" has been authenticated successfully [] []
[2014-11-18 09:21:36] MicroCMS.INFO: < 302 http://localhost2/ [] []
[2014-11-18 09:21:38] MicroCMS.INFO: Matched route "GET_" (parameters: "_controller": "{}", "_route": "GET_") [] []
[2014-11-18 09:21:38] MicroCMS.INFO: > GET / [] []
[2014-11-18 09:21:39] MicroCMS.INFO: < 200 [] []
[2014-11-18 09:21:42] MicroCMS.INFO: Matched route "_wdt" (parameters: "_controller": "web_profiler.controller.profiler:toolbarAction", "token": "eee11b", "_route": "_wdt") [] []
[2014-11-18 09:21:42] MicroCMS.INFO: > GET /_profiler/wdt/eee11b [] []
[2014-11-18 09:21:43] MicroCMS.INFO: < 200 [] []
[2014-11-18 09:22:22] MicroCMS.INFO: Matched route "GET_" (parameters: "_controller": "{}", "_route": "GET_") [] []
[2014-11-18 09:22:22] MicroCMS.INFO: > GET / [] []
[2014-11-18 09:22:23] MicroCMS.INFO: < 200 [] []
[2014-11-18 09:22:26] MicroCMS.INFO: Matched route "_wdt" (parameters: "_controller": "web_profiler.controller.profiler:toolbarAction", "token": "d096bf", "_route": "_wdt") [] []
[2014-11-18 09:22:26] MicroCMS.INFO: > GET /_profiler/wdt/d096bf [] []
[2014-11-18 09:22:28] MicroCMS.INFO: < 200 [] []
[2014-11-18 09:22:32] MicroCMS.ERROR: Symfony\Component\HttpKernel\Exception\NotFoundHttpException: No route found for "GET /dummy" (uncaught exception) at G:\xampp\htdocs\microcms\vendor\symfony\http-kernel\Symfony\Component\HttpKernel\EventListener\RouterListener.php line 145 {"exception":"[object] (Symfony\\Component\\HttpKernel\\Exception\\NotFoundHttpException: No route found for \"GET /dummy\" at G:\\xampp\\htdocs\\microcms\\vendor\\symfony\\http-kernel\\Symfony\\Component\\HttpKernel\\EventListener\\RouterListener.php:145, Symfony\\Component\\Routing\\Exception\\ResourceNotFoundException:  at G:\\xampp\\htdocs\\microcms\\vendor\\symfony\\routing\\Symfony\\Component\\Routing\\Matcher\\UrlMatcher.php:96)"} []
[2014-11-18 09:22:32] MicroCMS.INFO: < 404 [] []
[2014-11-18 09:22:35] MicroCMS.INFO: Matched route "_wdt" (parameters: "_controller": "web_profiler.controller.profiler:toolbarAction", "token": "7ad1a4", "_route": "_wdt") [] []
[2014-11-18 09:22:35] MicroCMS.INFO: > GET /_profiler/wdt/7ad1a4 [] []
[2014-11-18 09:22:37] MicroCMS.INFO: < 200 [] []
[2014-11-18 09:23:35] MicroCMS.INFO: Matched route "GET_" (parameters: "_controller": "{}", "_route": "GET_") [] []
[2014-11-18 09:23:35] MicroCMS.INFO: > GET / [] []
[2014-11-18 09:23:36] MicroCMS.INFO: < 200 [] []
[2014-11-18 09:23:38] MicroCMS.INFO: Matched route "_wdt" (parameters: "_controller": "web_profiler.controller.profiler:toolbarAction", "token": "77b9e7", "_route": "_wdt") [] []
[2014-11-18 09:23:39] MicroCMS.INFO: > GET /_profiler/wdt/77b9e7 [] []
[2014-11-18 09:23:42] MicroCMS.INFO: < 200 [] []
[2014-11-18 09:23:43] MicroCMS.INFO: Matched route "_article_id" (parameters: "_controller": "{}", "id": "3", "_route": "_article_id") [] []
[2014-11-18 09:23:43] MicroCMS.INFO: > GET /article/3 [] []
[2014-11-18 09:23:45] MicroCMS.INFO: < 200 [] []
[2014-11-18 09:23:48] MicroCMS.INFO: Matched route "_wdt" (parameters: "_controller": "web_profiler.controller.profiler:toolbarAction", "token": "99a961", "_route": "_wdt") [] []
[2014-11-18 09:23:48] MicroCMS.INFO: > GET /_profiler/wdt/99a961 [] []
[2014-11-18 09:23:49] MicroCMS.INFO: < 200 [] []
[2014-11-18 09:23:51] MicroCMS.INFO: Matched route "_article_id" (parameters: "_controller": "{}", "id": "5", "_route": "_article_id") [] []
[2014-11-18 09:23:51] MicroCMS.INFO: > GET /article/5 [] []
[2014-11-18 09:23:51] MicroCMS.CRITICAL: Exception: No article matching id 5 (uncaught exception) at G:\xampp\htdocs\microcms\src\MicroCMS\DAO\ArticleDAO.php line 39 {"exception":"[object] (Exception: No article matching id 5 at G:\\xampp\\htdocs\\microcms\\src\\MicroCMS\\DAO\\ArticleDAO.php:39)"} []
[2014-11-18 09:23:52] MicroCMS.INFO: < 500 [] []
[2014-11-18 09:23:54] MicroCMS.INFO: Matched route "_wdt" (parameters: "_controller": "web_profiler.controller.profiler:toolbarAction", "token": "a2850d", "_route": "_wdt") [] []
[2014-11-18 09:23:54] MicroCMS.INFO: > GET /_profiler/wdt/a2850d [] []
[2014-11-18 09:23:57] MicroCMS.INFO: < 200 [] []
[2014-11-18 09:23:59] MicroCMS.INFO: Matched route "_wdt" (parameters: "_controller": "web_profiler.controller.profiler:toolbarAction", "token": "99a961", "_route": "_wdt") [] []
[2014-11-18 09:24:00] MicroCMS.INFO: > GET /_profiler/wdt/99a961 [] []
[2014-11-18 09:24:03] MicroCMS.INFO: Matched route "GET_" (parameters: "_controller": "{}", "_route": "GET_") [] []
[2014-11-18 09:24:03] MicroCMS.INFO: < 200 [] []
[2014-11-18 09:24:03] MicroCMS.INFO: > GET / [] []
[2014-11-18 09:24:04] MicroCMS.INFO: < 200 [] []
[2014-11-18 09:24:06] MicroCMS.INFO: Matched route "_wdt" (parameters: "_controller": "web_profiler.controller.profiler:toolbarAction", "token": "594019", "_route": "_wdt") [] []
[2014-11-18 09:24:06] MicroCMS.INFO: > GET /_profiler/wdt/594019 [] []
[2014-11-18 09:24:08] MicroCMS.INFO: < 200 [] []
[2014-11-18 09:24:33] MicroCMS.ERROR: Symfony\Component\HttpKernel\Exception\NotFoundHttpException: No route found for "GET /dummy" (uncaught exception) at G:\xampp\htdocs\microcms\vendor\symfony\http-kernel\Symfony\Component\HttpKernel\EventListener\RouterListener.php line 145 {"exception":"[object] (Symfony\\Component\\HttpKernel\\Exception\\NotFoundHttpException: No route found for \"GET /dummy\" at G:\\xampp\\htdocs\\microcms\\vendor\\symfony\\http-kernel\\Symfony\\Component\\HttpKernel\\EventListener\\RouterListener.php:145, Symfony\\Component\\Routing\\Exception\\ResourceNotFoundException:  at G:\\xampp\\htdocs\\microcms\\vendor\\symfony\\routing\\Symfony\\Component\\Routing\\Matcher\\UrlMatcher.php:96)"} []
[2014-11-18 09:24:33] MicroCMS.INFO: < 404 [] []
[2014-11-18 09:24:36] MicroCMS.INFO: Matched route "_wdt" (parameters: "_controller": "web_profiler.controller.profiler:toolbarAction", "token": "d90ab1", "_route": "_wdt") [] []
[2014-11-18 09:24:36] MicroCMS.INFO: > GET /_profiler/wdt/d90ab1 [] []
[2014-11-18 09:24:37] MicroCMS.INFO: < 200 [] []
[2014-11-18 09:30:49] MicroCMS.INFO: Matched route "GET_" (parameters: "_controller": "{}", "_route": "GET_") [] []
[2014-11-18 09:30:49] MicroCMS.INFO: > GET / [] []
[2014-11-18 09:30:49] MicroCMS.INFO: < 200 [] []
[2014-11-18 09:30:52] MicroCMS.INFO: Matched route "_wdt" (parameters: "_controller": "web_profiler.controller.profiler:toolbarAction", "token": "25a247", "_route": "_wdt") [] []
[2014-11-18 09:30:52] MicroCMS.INFO: > GET /_profiler/wdt/25a247 [] []
[2014-11-18 09:30:54] MicroCMS.INFO: < 200 [] []
[2014-11-25 08:42:11] MicroCMS.INFO: Matched route "GET_" (parameters: "_controller": "{}", "_route": "GET_") [] []
[2014-11-25 08:42:11] MicroCMS.INFO: Populated SecurityContext with an anonymous Token [] []
[2014-11-25 08:42:11] MicroCMS.INFO: > GET / [] []
[2014-11-25 08:42:11] MicroCMS.INFO: < 200 [] []
[2014-11-25 08:42:11] MicroCMS.INFO: Matched route "_wdt" (parameters: "_controller": "web_profiler.controller.profiler:toolbarAction", "token": "2969a3", "_route": "_wdt") [] []
[2014-11-25 08:42:11] MicroCMS.INFO: Populated SecurityContext with an anonymous Token [] []
[2014-11-25 08:42:11] MicroCMS.INFO: > GET /_profiler/wdt/2969a3 [] []
[2014-11-25 08:42:11] MicroCMS.ERROR: Symfony\Component\HttpKernel\Exception\NotFoundHttpException: No route found for "GET /favicon.ico" (uncaught exception) at G:\xampp\htdocs\microcms\vendor\symfony\http-kernel\Symfony\Component\HttpKernel\EventListener\RouterListener.php line 145 {"exception":"[object] (Symfony\\Component\\HttpKernel\\Exception\\NotFoundHttpException: No route found for \"GET /favicon.ico\" at G:\\xampp\\htdocs\\microcms\\vendor\\symfony\\http-kernel\\Symfony\\Component\\HttpKernel\\EventListener\\RouterListener.php:145, Symfony\\Component\\Routing\\Exception\\ResourceNotFoundException:  at G:\\xampp\\htdocs\\microcms\\vendor\\symfony\\routing\\Symfony\\Component\\Routing\\Matcher\\UrlMatcher.php:96)"} []
[2014-11-25 08:42:11] MicroCMS.INFO: < 404 [] []
[2014-11-25 08:42:11] MicroCMS.ERROR: Symfony\Component\HttpKernel\Exception\NotFoundHttpException: No route found for "GET /favicon.ico" (uncaught exception) at G:\xampp\htdocs\microcms\vendor\symfony\http-kernel\Symfony\Component\HttpKernel\EventListener\RouterListener.php line 145 {"exception":"[object] (Symfony\\Component\\HttpKernel\\Exception\\NotFoundHttpException: No route found for \"GET /favicon.ico\" at G:\\xampp\\htdocs\\microcms\\vendor\\symfony\\http-kernel\\Symfony\\Component\\HttpKernel\\EventListener\\RouterListener.php:145, Symfony\\Component\\Routing\\Exception\\ResourceNotFoundException:  at G:\\xampp\\htdocs\\microcms\\vendor\\symfony\\routing\\Symfony\\Component\\Routing\\Matcher\\UrlMatcher.php:96)"} []
[2014-11-25 08:42:11] MicroCMS.INFO: < 404 [] []
[2014-11-25 08:42:11] MicroCMS.INFO: < 200 [] []
[2014-11-25 08:42:18] MicroCMS.ERROR: Symfony\Component\HttpKernel\Exception\NotFoundHttpException: No route found for "GET /dummy" (uncaught exception) at G:\xampp\htdocs\microcms\vendor\symfony\http-kernel\Symfony\Component\HttpKernel\EventListener\RouterListener.php line 145 {"exception":"[object] (Symfony\\Component\\HttpKernel\\Exception\\NotFoundHttpException: No route found for \"GET /dummy\" at G:\\xampp\\htdocs\\microcms\\vendor\\symfony\\http-kernel\\Symfony\\Component\\HttpKernel\\EventListener\\RouterListener.php:145, Symfony\\Component\\Routing\\Exception\\ResourceNotFoundException:  at G:\\xampp\\htdocs\\microcms\\vendor\\symfony\\routing\\Symfony\\Component\\Routing\\Matcher\\UrlMatcher.php:96)"} []
[2014-11-25 08:42:18] MicroCMS.INFO: < 404 [] []
[2014-11-25 08:42:18] MicroCMS.INFO: Matched route "_wdt" (parameters: "_controller": "web_profiler.controller.profiler:toolbarAction", "token": "06a082", "_route": "_wdt") [] []
[2014-11-25 08:42:18] MicroCMS.INFO: Populated SecurityContext with an anonymous Token [] []
[2014-11-25 08:42:18] MicroCMS.INFO: > GET /_profiler/wdt/06a082 [] []
[2014-11-25 08:42:18] MicroCMS.INFO: < 200 [] []
[2014-11-25 08:59:51] MicroCMS.INFO: Matched route "GET_" (parameters: "_controller": "{}", "_route": "GET_") [] []
[2014-11-25 08:59:51] MicroCMS.INFO: Populated SecurityContext with an anonymous Token [] []
[2014-11-25 08:59:51] MicroCMS.INFO: > GET / [] []
[2014-11-25 08:59:52] MicroCMS.INFO: < 200 [] []
[2014-11-25 08:59:52] MicroCMS.INFO: Matched route "_wdt" (parameters: "_controller": "web_profiler.controller.profiler:toolbarAction", "token": "39bf01", "_route": "_wdt") [] []
[2014-11-25 08:59:52] MicroCMS.INFO: Populated SecurityContext with an anonymous Token [] []
[2014-11-25 08:59:52] MicroCMS.INFO: > GET /_profiler/wdt/39bf01 [] []
[2014-11-25 08:59:53] MicroCMS.INFO: < 200 [] []
[2014-11-25 08:59:59] MicroCMS.INFO: Matched route "GET_" (parameters: "_controller": "{}", "_route": "GET_") [] []
[2014-11-25 08:59:59] MicroCMS.INFO: Populated SecurityContext with an anonymous Token [] []
[2014-11-25 08:59:59] MicroCMS.INFO: > GET / [] []
[2014-11-25 08:59:59] MicroCMS.INFO: < 200 [] []
[2014-11-25 09:00:00] MicroCMS.INFO: Matched route "_wdt" (parameters: "_controller": "web_profiler.controller.profiler:toolbarAction", "token": "fb9d4b", "_route": "_wdt") [] []
[2014-11-25 09:00:00] MicroCMS.INFO: Populated SecurityContext with an anonymous Token [] []
[2014-11-25 09:00:00] MicroCMS.INFO: > GET /_profiler/wdt/fb9d4b [] []
[2014-11-25 09:00:00] MicroCMS.INFO: < 200 [] []
[2014-11-25 09:00:18] MicroCMS.INFO: Matched route "GET_" (parameters: "_controller": "{}", "_route": "GET_") [] []
[2014-11-25 09:00:18] MicroCMS.INFO: Populated SecurityContext with an anonymous Token [] []
[2014-11-25 09:00:18] MicroCMS.INFO: > GET / [] []
[2014-11-25 09:00:18] MicroCMS.INFO: < 200 [] []
[2014-11-25 09:00:19] MicroCMS.INFO: Matched route "_wdt" (parameters: "_controller": "web_profiler.controller.profiler:toolbarAction", "token": "008e4f", "_route": "_wdt") [] []
[2014-11-25 09:00:19] MicroCMS.INFO: Populated SecurityContext with an anonymous Token [] []
[2014-11-25 09:00:19] MicroCMS.INFO: > GET /_profiler/wdt/008e4f [] []
[2014-11-25 09:00:19] MicroCMS.INFO: < 200 [] []
[2014-11-25 09:03:02] MicroCMS.INFO: Matched route "GET_" (parameters: "_controller": "{}", "_route": "GET_") [] []
[2014-11-25 09:03:02] MicroCMS.INFO: Populated SecurityContext with an anonymous Token [] []
[2014-11-25 09:03:02] MicroCMS.INFO: > GET / [] []
[2014-11-25 09:03:02] MicroCMS.INFO: < 200 [] []
[2014-11-25 09:03:02] MicroCMS.INFO: Matched route "_wdt" (parameters: "_controller": "web_profiler.controller.profiler:toolbarAction", "token": "cc969f", "_route": "_wdt") [] []
[2014-11-25 09:03:02] MicroCMS.INFO: Populated SecurityContext with an anonymous Token [] []
[2014-11-25 09:03:02] MicroCMS.INFO: > GET /_profiler/wdt/cc969f [] []
[2014-11-25 09:03:03] MicroCMS.INFO: < 200 [] []
[2014-11-25 09:03:15] MicroCMS.INFO: Matched route "GET_" (parameters: "_controller": "{}", "_route": "GET_") [] []
[2014-11-25 09:03:15] MicroCMS.INFO: Populated SecurityContext with an anonymous Token [] []
[2014-11-25 09:03:15] MicroCMS.INFO: > GET / [] []
[2014-11-25 09:03:15] MicroCMS.INFO: < 200 [] []
[2014-11-25 09:03:15] MicroCMS.INFO: Matched route "_wdt" (parameters: "_controller": "web_profiler.controller.profiler:toolbarAction", "token": "0a5599", "_route": "_wdt") [] []
[2014-11-25 09:03:15] MicroCMS.INFO: Populated SecurityContext with an anonymous Token [] []
[2014-11-25 09:03:15] MicroCMS.INFO: > GET /_profiler/wdt/0a5599 [] []
[2014-11-25 09:03:15] MicroCMS.INFO: < 200 [] []
[2014-11-25 09:03:16] MicroCMS.INFO: Matched route "GET_" (parameters: "_controller": "{}", "_route": "GET_") [] []
[2014-11-25 09:03:16] MicroCMS.INFO: Populated SecurityContext with an anonymous Token [] []
[2014-11-25 09:03:16] MicroCMS.INFO: > GET / [] []
[2014-11-25 09:03:16] MicroCMS.INFO: < 200 [] []
[2014-11-25 09:03:16] MicroCMS.INFO: Matched route "_wdt" (parameters: "_controller": "web_profiler.controller.profiler:toolbarAction", "token": "625ef6", "_route": "_wdt") [] []
[2014-11-25 09:03:16] MicroCMS.INFO: Populated SecurityContext with an anonymous Token [] []
[2014-11-25 09:03:16] MicroCMS.INFO: > GET /_profiler/wdt/625ef6 [] []
[2014-11-25 09:03:16] MicroCMS.INFO: < 200 [] []
[2014-11-25 09:03:16] MicroCMS.INFO: Matched route "GET_" (parameters: "_controller": "{}", "_route": "GET_") [] []
[2014-11-25 09:03:16] MicroCMS.INFO: Populated SecurityContext with an anonymous Token [] []
[2014-11-25 09:03:16] MicroCMS.INFO: > GET / [] []
[2014-11-25 09:03:16] MicroCMS.INFO: < 200 [] []
[2014-11-25 09:03:16] MicroCMS.INFO: Matched route "_wdt" (parameters: "_controller": "web_profiler.controller.profiler:toolbarAction", "token": "c4f525", "_route": "_wdt") [] []
[2014-11-25 09:03:16] MicroCMS.INFO: Populated SecurityContext with an anonymous Token [] []
[2014-11-25 09:03:16] MicroCMS.INFO: > GET /_profiler/wdt/c4f525 [] []
[2014-11-25 09:03:17] MicroCMS.INFO: < 200 [] []
[2014-11-25 09:06:05] MicroCMS.INFO: Matched route "GET_" (parameters: "_controller": "{}", "_route": "GET_") [] []
[2014-11-25 09:06:05] MicroCMS.INFO: Populated SecurityContext with an anonymous Token [] []
[2014-11-25 09:06:05] MicroCMS.INFO: > GET / [] []
[2014-11-25 09:06:05] MicroCMS.INFO: < 200 [] []
[2014-11-25 09:06:06] MicroCMS.INFO: Matched route "_wdt" (parameters: "_controller": "web_profiler.controller.profiler:toolbarAction", "token": "324bf6", "_route": "_wdt") [] []
[2014-11-25 09:06:06] MicroCMS.INFO: Populated SecurityContext with an anonymous Token [] []
[2014-11-25 09:06:06] MicroCMS.INFO: > GET /_profiler/wdt/324bf6 [] []
[2014-11-25 09:06:06] MicroCMS.INFO: < 200 [] []
[2014-11-25 09:14:54] MicroCMS.INFO: Matched route "GET_" (parameters: "_controller": "{}", "_route": "GET_") [] []
[2014-11-25 09:14:54] MicroCMS.INFO: Populated SecurityContext with an anonymous Token [] []
[2014-11-25 09:14:54] MicroCMS.INFO: > GET / [] []
[2014-11-25 09:14:54] MicroCMS.INFO: < 200 [] []
[2014-11-25 09:14:55] MicroCMS.INFO: Matched route "_wdt" (parameters: "_controller": "web_profiler.controller.profiler:toolbarAction", "token": "eca499", "_route": "_wdt") [] []
[2014-11-25 09:14:55] MicroCMS.INFO: Populated SecurityContext with an anonymous Token [] []
[2014-11-25 09:14:55] MicroCMS.INFO: > GET /_profiler/wdt/eca499 [] []
[2014-11-25 09:14:55] MicroCMS.INFO: < 200 [] []
[2014-11-25 09:16:12] MicroCMS.INFO: Matched route "GET_" (parameters: "_controller": "{}", "_route": "GET_") [] []
[2014-11-25 09:16:12] MicroCMS.INFO: Populated SecurityContext with an anonymous Token [] []
[2014-11-25 09:16:12] MicroCMS.INFO: > GET / [] []
[2014-11-25 09:16:12] MicroCMS.INFO: < 200 [] []
[2014-11-25 09:16:12] MicroCMS.INFO: Matched route "_wdt" (parameters: "_controller": "web_profiler.controller.profiler:toolbarAction", "token": "8a8e64", "_route": "_wdt") [] []
[2014-11-25 09:16:12] MicroCMS.INFO: Populated SecurityContext with an anonymous Token [] []
[2014-11-25 09:16:12] MicroCMS.INFO: > GET /_profiler/wdt/8a8e64 [] []
[2014-11-25 09:16:12] MicroCMS.INFO: < 200 [] []
[2014-11-25 09:16:13] MicroCMS.INFO: Matched route "GET_" (parameters: "_controller": "{}", "_route": "GET_") [] []
[2014-11-25 09:16:13] MicroCMS.INFO: Populated SecurityContext with an anonymous Token [] []
[2014-11-25 09:16:13] MicroCMS.INFO: > GET / [] []
[2014-11-25 09:16:13] MicroCMS.INFO: < 200 [] []
[2014-11-25 09:16:14] MicroCMS.INFO: Matched route "_wdt" (parameters: "_controller": "web_profiler.controller.profiler:toolbarAction", "token": "0f08a7", "_route": "_wdt") [] []
[2014-11-25 09:16:14] MicroCMS.INFO: Populated SecurityContext with an anonymous Token [] []
[2014-11-25 09:16:14] MicroCMS.INFO: > GET /_profiler/wdt/0f08a7 [] []
[2014-11-25 09:16:14] MicroCMS.INFO: < 200 [] []
[2014-11-25 09:16:56] MicroCMS.INFO: Matched route "login" (parameters: "_controller": "{}", "_route": "login") [] []
[2014-11-25 09:16:56] MicroCMS.INFO: Populated SecurityContext with an anonymous Token [] []
[2014-11-25 09:16:56] MicroCMS.INFO: > GET /login [] []
[2014-11-25 09:16:57] MicroCMS.INFO: < 200 [] []
[2014-11-25 09:16:57] MicroCMS.INFO: Matched route "_wdt" (parameters: "_controller": "web_profiler.controller.profiler:toolbarAction", "token": "0ccd11", "_route": "_wdt") [] []
[2014-11-25 09:16:57] MicroCMS.INFO: Populated SecurityContext with an anonymous Token [] []
[2014-11-25 09:16:57] MicroCMS.INFO: > GET /_profiler/wdt/0ccd11 [] []
[2014-11-25 09:16:57] MicroCMS.INFO: < 200 [] []
[2014-11-25 09:18:14] MicroCMS.INFO: Matched route "login_check" (parameters: "_controller": "null", "_route": "login_check") [] []
[2014-11-25 09:18:14] MicroCMS.INFO: Authentication request failed: Bad credentials [] []
[2014-11-25 09:18:15] MicroCMS.INFO: < 302 http://localhost2/login [] []
[2014-11-25 09:18:15] MicroCMS.INFO: Matched route "login" (parameters: "_controller": "{}", "_route": "login") [] []
[2014-11-25 09:18:15] MicroCMS.INFO: Populated SecurityContext with an anonymous Token [] []
[2014-11-25 09:18:15] MicroCMS.INFO: > GET /login [] []
[2014-11-25 09:18:15] MicroCMS.INFO: < 200 [] []
[2014-11-25 09:18:15] MicroCMS.INFO: Matched route "_wdt" (parameters: "_controller": "web_profiler.controller.profiler:toolbarAction", "token": "dfb726", "_route": "_wdt") [] []
[2014-11-25 09:18:15] MicroCMS.INFO: Populated SecurityContext with an anonymous Token [] []
[2014-11-25 09:18:15] MicroCMS.INFO: > GET /_profiler/wdt/dfb726 [] []
[2014-11-25 09:18:15] MicroCMS.INFO: < 200 [] []
[2014-11-25 09:18:25] MicroCMS.INFO: Matched route "login_check" (parameters: "_controller": "null", "_route": "login_check") [] []
[2014-11-25 09:18:25] MicroCMS.INFO: Authentication request failed: Bad credentials [] []
[2014-11-25 09:18:25] MicroCMS.INFO: < 302 http://localhost2/login [] []
[2014-11-25 09:18:25] MicroCMS.INFO: Matched route "login" (parameters: "_controller": "{}", "_route": "login") [] []
[2014-11-25 09:18:25] MicroCMS.INFO: Populated SecurityContext with an anonymous Token [] []
[2014-11-25 09:18:25] MicroCMS.INFO: > GET /login [] []
[2014-11-25 09:18:25] MicroCMS.INFO: < 200 [] []
[2014-11-25 09:18:25] MicroCMS.INFO: Matched route "_wdt" (parameters: "_controller": "web_profiler.controller.profiler:toolbarAction", "token": "7de679", "_route": "_wdt") [] []
[2014-11-25 09:18:25] MicroCMS.INFO: Populated SecurityContext with an anonymous Token [] []
[2014-11-25 09:18:25] MicroCMS.INFO: > GET /_profiler/wdt/7de679 [] []
[2014-11-25 09:18:25] MicroCMS.INFO: < 200 [] []
[2014-11-25 09:18:56] MicroCMS.INFO: Matched route "login_check" (parameters: "_controller": "null", "_route": "login_check") [] []
[2014-11-25 09:18:56] MicroCMS.INFO: Authentication request failed: Bad credentials [] []
[2014-11-25 09:18:56] MicroCMS.INFO: < 302 http://localhost2/login [] []
[2014-11-25 09:18:56] MicroCMS.INFO: Matched route "login" (parameters: "_controller": "{}", "_route": "login") [] []
[2014-11-25 09:18:56] MicroCMS.INFO: Populated SecurityContext with an anonymous Token [] []
[2014-11-25 09:18:56] MicroCMS.INFO: > GET /login [] []
[2014-11-25 09:18:56] MicroCMS.INFO: < 200 [] []
[2014-11-25 09:18:56] MicroCMS.INFO: Matched route "_wdt" (parameters: "_controller": "web_profiler.controller.profiler:toolbarAction", "token": "4e360f", "_route": "_wdt") [] []
[2014-11-25 09:18:56] MicroCMS.INFO: Populated SecurityContext with an anonymous Token [] []
[2014-11-25 09:18:56] MicroCMS.INFO: > GET /_profiler/wdt/4e360f [] []
[2014-11-25 09:18:57] MicroCMS.INFO: < 200 [] []
[2014-11-25 09:19:29] MicroCMS.INFO: Matched route "login_check" (parameters: "_controller": "null", "_route": "login_check") [] []
[2014-11-25 09:19:29] MicroCMS.INFO: Authentication request failed: Bad credentials [] []
[2014-11-25 09:19:29] MicroCMS.INFO: < 302 http://localhost2/login [] []
[2014-11-25 09:19:29] MicroCMS.INFO: Matched route "login" (parameters: "_controller": "{}", "_route": "login") [] []
[2014-11-25 09:19:29] MicroCMS.INFO: Populated SecurityContext with an anonymous Token [] []
[2014-11-25 09:19:29] MicroCMS.INFO: > GET /login [] []
[2014-11-25 09:19:29] MicroCMS.INFO: < 200 [] []
[2014-11-25 09:19:29] MicroCMS.INFO: Matched route "_wdt" (parameters: "_controller": "web_profiler.controller.profiler:toolbarAction", "token": "afb679", "_route": "_wdt") [] []
[2014-11-25 09:19:29] MicroCMS.INFO: Populated SecurityContext with an anonymous Token [] []
[2014-11-25 09:19:29] MicroCMS.INFO: > GET /_profiler/wdt/afb679 [] []
[2014-11-25 09:19:29] MicroCMS.INFO: < 200 [] []
[2014-11-25 09:19:40] MicroCMS.INFO: Matched route "login_check" (parameters: "_controller": "null", "_route": "login_check") [] []
[2014-11-25 09:19:40] MicroCMS.INFO: Authentication request failed: Bad credentials [] []
[2014-11-25 09:19:40] MicroCMS.INFO: < 302 http://localhost2/login [] []
[2014-11-25 09:19:40] MicroCMS.INFO: Matched route "login" (parameters: "_controller": "{}", "_route": "login") [] []
[2014-11-25 09:19:40] MicroCMS.INFO: Populated SecurityContext with an anonymous Token [] []
[2014-11-25 09:19:40] MicroCMS.INFO: > GET /login [] []
[2014-11-25 09:19:40] MicroCMS.INFO: < 200 [] []
[2014-11-25 09:19:40] MicroCMS.INFO: Matched route "_wdt" (parameters: "_controller": "web_profiler.controller.profiler:toolbarAction", "token": "34f9cb", "_route": "_wdt") [] []
[2014-11-25 09:19:40] MicroCMS.INFO: Populated SecurityContext with an anonymous Token [] []
[2014-11-25 09:19:40] MicroCMS.INFO: > GET /_profiler/wdt/34f9cb [] []
[2014-11-25 09:19:40] MicroCMS.INFO: < 200 [] []
[2014-11-25 09:20:00] MicroCMS.INFO: Matched route "login" (parameters: "_controller": "{}", "_route": "login") [] []
[2014-11-25 09:20:00] MicroCMS.INFO: Populated SecurityContext with an anonymous Token [] []
[2014-11-25 09:20:00] MicroCMS.INFO: > GET /login [] []
[2014-11-25 09:20:00] MicroCMS.INFO: < 200 [] []
[2014-11-25 09:20:00] MicroCMS.INFO: Matched route "_wdt" (parameters: "_controller": "web_profiler.controller.profiler:toolbarAction", "token": "841112", "_route": "_wdt") [] []
[2014-11-25 09:20:00] MicroCMS.INFO: Populated SecurityContext with an anonymous Token [] []
[2014-11-25 09:20:00] MicroCMS.INFO: > GET /_profiler/wdt/841112 [] []
[2014-11-25 09:20:01] MicroCMS.INFO: < 200 [] []
[2014-11-25 09:20:03] MicroCMS.INFO: Matched route "login_check" (parameters: "_controller": "null", "_route": "login_check") [] []
[2014-11-25 09:20:03] MicroCMS.INFO: Authentication request failed: Bad credentials [] []
[2014-11-25 09:20:03] MicroCMS.INFO: < 302 http://localhost2/login [] []
[2014-11-25 09:20:03] MicroCMS.INFO: Matched route "login" (parameters: "_controller": "{}", "_route": "login") [] []
[2014-11-25 09:20:03] MicroCMS.INFO: Populated SecurityContext with an anonymous Token [] []
[2014-11-25 09:20:03] MicroCMS.INFO: > GET /login [] []
[2014-11-25 09:20:03] MicroCMS.INFO: < 200 [] []
[2014-11-25 09:20:03] MicroCMS.INFO: Matched route "_wdt" (parameters: "_controller": "web_profiler.controller.profiler:toolbarAction", "token": "e14d9b", "_route": "_wdt") [] []
[2014-11-25 09:20:03] MicroCMS.INFO: Populated SecurityContext with an anonymous Token [] []
[2014-11-25 09:20:03] MicroCMS.INFO: > GET /_profiler/wdt/e14d9b [] []
[2014-11-25 09:20:04] MicroCMS.INFO: < 200 [] []
[2014-11-25 09:20:08] MicroCMS.INFO: Matched route "login_check" (parameters: "_controller": "null", "_route": "login_check") [] []
[2014-11-25 09:20:08] MicroCMS.INFO: Authentication request failed: Bad credentials [] []
[2014-11-25 09:20:08] MicroCMS.INFO: < 302 http://localhost2/login [] []
[2014-11-25 09:20:08] MicroCMS.INFO: Matched route "login" (parameters: "_controller": "{}", "_route": "login") [] []
[2014-11-25 09:20:08] MicroCMS.INFO: Populated SecurityContext with an anonymous Token [] []
[2014-11-25 09:20:08] MicroCMS.INFO: > GET /login [] []
[2014-11-25 09:20:08] MicroCMS.INFO: < 200 [] []
[2014-11-25 09:20:08] MicroCMS.INFO: Matched route "_wdt" (parameters: "_controller": "web_profiler.controller.profiler:toolbarAction", "token": "3eb561", "_route": "_wdt") [] []
[2014-11-25 09:20:08] MicroCMS.INFO: Populated SecurityContext with an anonymous Token [] []
[2014-11-25 09:20:08] MicroCMS.INFO: > GET /_profiler/wdt/3eb561 [] []
[2014-11-25 09:20:08] MicroCMS.INFO: < 200 [] []
[2014-11-25 09:21:38] MicroCMS.INFO: Matched route "login_check" (parameters: "_controller": "null", "_route": "login_check") [] []
[2014-11-25 09:21:38] MicroCMS.INFO: User "admin" has been authenticated successfully [] []
[2014-11-25 09:21:38] MicroCMS.INFO: < 302 http://localhost2/ [] []
[2014-11-25 09:21:38] MicroCMS.INFO: Matched route "GET_" (parameters: "_controller": "{}", "_route": "GET_") [] []
[2014-11-25 09:21:38] MicroCMS.INFO: > GET / [] []
[2014-11-25 09:21:38] MicroCMS.INFO: < 200 [] []
[2014-11-25 09:21:39] MicroCMS.INFO: Matched route "_wdt" (parameters: "_controller": "web_profiler.controller.profiler:toolbarAction", "token": "10c74f", "_route": "_wdt") [] []
[2014-11-25 09:21:39] MicroCMS.INFO: > GET /_profiler/wdt/10c74f [] []
[2014-11-25 09:21:39] MicroCMS.INFO: < 200 [] []
[2014-11-25 09:22:08] MicroCMS.INFO: Matched route "GET_admin" (parameters: "_controller": "{}", "_route": "GET_admin") [] []
[2014-11-25 09:22:08] MicroCMS.INFO: > GET /admin [] []
[2014-11-25 09:22:08] MicroCMS.INFO: < 200 [] []
[2014-11-25 09:22:08] MicroCMS.INFO: Matched route "_wdt" (parameters: "_controller": "web_profiler.controller.profiler:toolbarAction", "token": "c45ba4", "_route": "_wdt") [] []
[2014-11-25 09:22:08] MicroCMS.INFO: > GET /_profiler/wdt/c45ba4 [] []
[2014-11-25 09:22:09] MicroCMS.INFO: < 200 [] []
[2014-11-25 09:22:11] MicroCMS.INFO: Matched route "_admin_article_id_edit" (parameters: "_controller": "{}", "id": "3", "_route": "_admin_article_id_edit") [] []
[2014-11-25 09:22:11] MicroCMS.INFO: > GET /admin/article/3/edit [] []
[2014-11-25 09:23:13] MicroCMS.INFO: Matched route "_admin_article_id_edit" (parameters: "_controller": "{}", "id": "3", "_route": "_admin_article_id_edit") [] []
[2014-11-25 09:23:13] MicroCMS.INFO: > GET /admin/article/3/edit [] []
[2014-11-25 09:23:53] MicroCMS.INFO: Matched route "GET_" (parameters: "_controller": "{}", "_route": "GET_") [] []
[2014-11-25 09:23:53] MicroCMS.INFO: > GET / [] []
[2014-11-25 09:23:53] MicroCMS.INFO: < 200 [] []
[2014-11-25 09:23:53] MicroCMS.INFO: Matched route "_wdt" (parameters: "_controller": "web_profiler.controller.profiler:toolbarAction", "token": "e985d1", "_route": "_wdt") [] []
[2014-11-25 09:23:53] MicroCMS.INFO: > GET /_profiler/wdt/e985d1 [] []
[2014-11-25 09:23:53] MicroCMS.INFO: < 200 [] []
[2014-11-25 09:23:55] MicroCMS.INFO: Matched route "GET_admin" (parameters: "_controller": "{}", "_route": "GET_admin") [] []
[2014-11-25 09:23:55] MicroCMS.INFO: > GET /admin [] []
[2014-11-25 09:23:55] MicroCMS.INFO: < 200 [] []
[2014-11-25 09:23:55] MicroCMS.INFO: Matched route "_wdt" (parameters: "_controller": "web_profiler.controller.profiler:toolbarAction", "token": "79293e", "_route": "_wdt") [] []
[2014-11-25 09:23:55] MicroCMS.INFO: > GET /_profiler/wdt/79293e [] []
[2014-11-25 09:23:56] MicroCMS.INFO: < 200 [] []
[2014-11-25 09:23:56] MicroCMS.INFO: Matched route "_admin_article_add" (parameters: "_controller": "{}", "_route": "_admin_article_add") [] []
[2014-11-25 09:23:56] MicroCMS.INFO: > GET /admin/article/add [] []
[2014-11-25 09:25:00] MicroCMS.INFO: Matched route "_admin_article_add" (parameters: "_controller": "{}", "_route": "_admin_article_add") [] []
[2014-11-25 09:25:00] MicroCMS.INFO: > GET /admin/article/add [] []
[2014-11-25 09:25:00] MicroCMS.INFO: < 200 [] []
[2014-11-25 09:25:00] MicroCMS.INFO: Matched route "_wdt" (parameters: "_controller": "web_profiler.controller.profiler:toolbarAction", "token": "660fd0", "_route": "_wdt") [] []
[2014-11-25 09:25:00] MicroCMS.INFO: > GET /_profiler/wdt/660fd0 [] []
[2014-11-25 09:25:01] MicroCMS.INFO: < 200 [] []
[2014-11-25 09:25:38] MicroCMS.INFO: Matched route "_admin_article_add" (parameters: "_controller": "{}", "_route": "_admin_article_add") [] []
[2014-11-25 09:25:38] MicroCMS.INFO: > POST /admin/article/add [] []
[2014-11-25 09:25:39] MicroCMS.INFO: < 200 [] []
[2014-11-25 09:25:39] MicroCMS.INFO: Matched route "_wdt" (parameters: "_controller": "web_profiler.controller.profiler:toolbarAction", "token": "4a5e7a", "_route": "_wdt") [] []
[2014-11-25 09:25:39] MicroCMS.INFO: > GET /_profiler/wdt/4a5e7a [] []
[2014-11-25 09:25:39] MicroCMS.INFO: < 200 [] []
[2014-11-25 09:26:02] MicroCMS.INFO: Matched route "_admin_article_add" (parameters: "_controller": "{}", "_route": "_admin_article_add") [] []
[2014-11-25 09:26:02] MicroCMS.INFO: > POST /admin/article/add [] []
[2014-11-25 09:26:03] MicroCMS.INFO: < 200 [] []
[2014-11-25 09:26:03] MicroCMS.INFO: Matched route "_wdt" (parameters: "_controller": "web_profiler.controller.profiler:toolbarAction", "token": "627fe7", "_route": "_wdt") [] []
[2014-11-25 09:26:03] MicroCMS.INFO: > GET /_profiler/wdt/627fe7 [] []
[2014-11-25 09:26:03] MicroCMS.INFO: < 200 [] []
[2014-11-25 09:26:11] MicroCMS.INFO: Matched route "GET_admin" (parameters: "_controller": "{}", "_route": "GET_admin") [] []
[2014-11-25 09:26:11] MicroCMS.INFO: > GET /admin [] []
[2014-11-25 09:26:11] MicroCMS.INFO: < 200 [] []
[2014-11-25 09:26:11] MicroCMS.INFO: Matched route "_wdt" (parameters: "_controller": "web_profiler.controller.profiler:toolbarAction", "token": "d38dd5", "_route": "_wdt") [] []
[2014-11-25 09:26:11] MicroCMS.INFO: > GET /_profiler/wdt/d38dd5 [] []
[2014-11-25 09:26:11] MicroCMS.INFO: < 200 [] []
[2014-11-25 09:26:15] MicroCMS.INFO: Matched route "GET_admin_article_id_delete" (parameters: "_controller": "{}", "id": "5", "_route": "GET_admin_article_id_delete") [] []
[2014-11-25 09:26:15] MicroCMS.INFO: > GET /admin/article/5/delete [] []
[2014-11-25 09:26:15] MicroCMS.INFO: < 302 /admin [] []
[2014-11-25 09:26:16] MicroCMS.INFO: Matched route "GET_admin" (parameters: "_controller": "{}", "_route": "GET_admin") [] []
[2014-11-25 09:26:16] MicroCMS.INFO: > GET /admin [] []
[2014-11-25 09:26:16] MicroCMS.INFO: < 200 [] []
[2014-11-25 09:26:16] MicroCMS.INFO: Matched route "_wdt" (parameters: "_controller": "web_profiler.controller.profiler:toolbarAction", "token": "02573e", "_route": "_wdt") [] []
[2014-11-25 09:26:16] MicroCMS.INFO: > GET /_profiler/wdt/02573e [] []
[2014-11-25 09:26:16] MicroCMS.INFO: < 200 [] []
[2014-11-25 09:26:18] MicroCMS.INFO: Matched route "GET_admin_article_id_delete" (parameters: "_controller": "{}", "id": "4", "_route": "GET_admin_article_id_delete") [] []
[2014-11-25 09:26:18] MicroCMS.INFO: > GET /admin/article/4/delete [] []
[2014-11-25 09:26:18] MicroCMS.INFO: < 302 /admin [] []
[2014-11-25 09:26:18] MicroCMS.INFO: Matched route "GET_admin" (parameters: "_controller": "{}", "_route": "GET_admin") [] []
[2014-11-25 09:26:18] MicroCMS.INFO: > GET /admin [] []
[2014-11-25 09:26:18] MicroCMS.INFO: < 200 [] []
[2014-11-25 09:26:19] MicroCMS.INFO: Matched route "_wdt" (parameters: "_controller": "web_profiler.controller.profiler:toolbarAction", "token": "5df826", "_route": "_wdt") [] []
[2014-11-25 09:26:19] MicroCMS.INFO: > GET /_profiler/wdt/5df826 [] []
[2014-11-25 09:26:19] MicroCMS.INFO: < 200 [] []
[2014-11-25 09:27:51] MicroCMS.INFO: Matched route "GET_admin" (parameters: "_controller": "{}", "_route": "GET_admin") [] []
[2014-11-25 09:27:51] MicroCMS.INFO: > GET /admin [] []
[2014-11-25 09:27:51] MicroCMS.INFO: < 200 [] []
[2014-11-25 09:27:51] MicroCMS.INFO: Matched route "_wdt" (parameters: "_controller": "web_profiler.controller.profiler:toolbarAction", "token": "f6abb6", "_route": "_wdt") [] []
[2014-11-25 09:27:51] MicroCMS.INFO: > GET /_profiler/wdt/f6abb6 [] []
[2014-11-25 09:27:51] MicroCMS.INFO: < 200 [] []
[2014-11-25 09:27:55] MicroCMS.INFO: Matched route "GET_admin" (parameters: "_controller": "{}", "_route": "GET_admin") [] []
[2014-11-25 09:27:55] MicroCMS.INFO: > GET /admin [] []
[2014-11-25 09:27:55] MicroCMS.INFO: < 200 [] []
[2014-11-25 09:27:55] MicroCMS.INFO: Matched route "_wdt" (parameters: "_controller": "web_profiler.controller.profiler:toolbarAction", "token": "e1b3c0", "_route": "_wdt") [] []
[2014-11-25 09:27:55] MicroCMS.INFO: > GET /_profiler/wdt/e1b3c0 [] []
[2014-11-25 09:27:56] MicroCMS.INFO: < 200 [] []
[2014-11-25 09:28:14] MicroCMS.INFO: Matched route "_article_id" (parameters: "_controller": "{}", "id": "1", "_route": "_article_id") [] []
[2014-11-25 09:28:14] MicroCMS.INFO: > GET /article/1 [] []
[2014-11-25 09:28:14] MicroCMS.INFO: < 200 [] []
[2014-11-25 09:28:14] MicroCMS.INFO: Matched route "_wdt" (parameters: "_controller": "web_profiler.controller.profiler:toolbarAction", "token": "b8b76a", "_route": "_wdt") [] []
[2014-11-25 09:28:14] MicroCMS.INFO: > GET /_profiler/wdt/b8b76a [] []
[2014-11-25 09:28:14] MicroCMS.INFO: < 200 [] []
[2014-11-25 09:28:19] MicroCMS.INFO: Matched route "_article_id" (parameters: "_controller": "{}", "id": "1", "_route": "_article_id") [] []
[2014-11-25 09:28:19] MicroCMS.INFO: > POST /article/1 [] []
[2014-11-25 09:28:19] MicroCMS.INFO: < 200 [] []
[2014-11-25 09:28:19] MicroCMS.INFO: Matched route "_wdt" (parameters: "_controller": "web_profiler.controller.profiler:toolbarAction", "token": "64d8c8", "_route": "_wdt") [] []
[2014-11-25 09:28:19] MicroCMS.INFO: > GET /_profiler/wdt/64d8c8 [] []
[2014-11-25 09:28:20] MicroCMS.INFO: < 200 [] []
[2014-11-25 09:28:22] MicroCMS.INFO: Matched route "GET_admin" (parameters: "_controller": "{}", "_route": "GET_admin") [] []
[2014-11-25 09:28:22] MicroCMS.INFO: > GET /admin [] []
[2014-11-25 09:28:23] MicroCMS.INFO: < 200 [] []
[2014-11-25 09:28:23] MicroCMS.INFO: Matched route "_wdt" (parameters: "_controller": "web_profiler.controller.profiler:toolbarAction", "token": "3512d4", "_route": "_wdt") [] []
[2014-11-25 09:28:23] MicroCMS.INFO: > GET /_profiler/wdt/3512d4 [] []
[2014-11-25 09:28:23] MicroCMS.INFO: < 200 [] []
[2014-11-25 09:28:27] MicroCMS.INFO: Matched route "_admin_comment_id_edit" (parameters: "_controller": "{}", "id": "3", "_route": "_admin_comment_id_edit") [] []
[2014-11-25 09:28:27] MicroCMS.INFO: > GET /admin/comment/3/edit [] []
[2014-11-25 09:28:27] MicroCMS.INFO: < 200 [] []
[2014-11-25 09:28:27] MicroCMS.INFO: Matched route "_wdt" (parameters: "_controller": "web_profiler.controller.profiler:toolbarAction", "token": "017a1c", "_route": "_wdt") [] []
[2014-11-25 09:28:27] MicroCMS.INFO: > GET /_profiler/wdt/017a1c [] []
[2014-11-25 09:28:28] MicroCMS.INFO: < 200 [] []
[2014-11-25 09:28:32] MicroCMS.INFO: Matched route "_admin_comment_id_edit" (parameters: "_controller": "{}", "id": "3", "_route": "_admin_comment_id_edit") [] []
[2014-11-25 09:28:32] MicroCMS.INFO: > POST /admin/comment/3/edit [] []
[2014-11-25 09:28:32] MicroCMS.INFO: < 200 [] []
[2014-11-25 09:28:32] MicroCMS.INFO: Matched route "_wdt" (parameters: "_controller": "web_profiler.controller.profiler:toolbarAction", "token": "dd6c29", "_route": "_wdt") [] []
[2014-11-25 09:28:32] MicroCMS.INFO: > GET /_profiler/wdt/dd6c29 [] []
[2014-11-25 09:28:33] MicroCMS.INFO: < 200 [] []
[2014-11-25 09:28:34] MicroCMS.INFO: Matched route "GET_admin" (parameters: "_controller": "{}", "_route": "GET_admin") [] []
[2014-11-25 09:28:34] MicroCMS.INFO: > GET /admin [] []
[2014-11-25 09:28:34] MicroCMS.INFO: < 200 [] []
[2014-11-25 09:28:35] MicroCMS.INFO: Matched route "_wdt" (parameters: "_controller": "web_profiler.controller.profiler:toolbarAction", "token": "524b71", "_route": "_wdt") [] []
[2014-11-25 09:28:35] MicroCMS.INFO: > GET /_profiler/wdt/524b71 [] []
[2014-11-25 09:28:35] MicroCMS.INFO: < 200 [] []
[2014-11-25 09:28:40] MicroCMS.INFO: Matched route "GET_admin_comment_id_delete" (parameters: "_controller": "{}", "id": "3", "_route": "GET_admin_comment_id_delete") [] []
[2014-11-25 09:28:40] MicroCMS.INFO: > GET /admin/comment/3/delete [] []
[2014-11-25 09:28:40] MicroCMS.INFO: < 302 /admin [] []
[2014-11-25 09:28:40] MicroCMS.INFO: Matched route "GET_admin" (parameters: "_controller": "{}", "_route": "GET_admin") [] []
[2014-11-25 09:28:40] MicroCMS.INFO: > GET /admin [] []
[2014-11-25 09:28:40] MicroCMS.INFO: < 200 [] []
[2014-11-25 09:28:40] MicroCMS.INFO: Matched route "_wdt" (parameters: "_controller": "web_profiler.controller.profiler:toolbarAction", "token": "49095e", "_route": "_wdt") [] []
[2014-11-25 09:28:40] MicroCMS.INFO: > GET /_profiler/wdt/49095e [] []
[2014-11-25 09:28:40] MicroCMS.INFO: < 200 [] []
[2014-12-02 08:37:38] MicroCMS.INFO: Matched route "GET_" (parameters: "_controller": "{}", "_route": "GET_") [] []
[2014-12-02 08:37:38] MicroCMS.INFO: Populated SecurityContext with an anonymous Token [] []
[2014-12-02 08:37:38] MicroCMS.INFO: > GET / [] []
[2014-12-02 08:37:38] MicroCMS.CRITICAL: PDOException: SQLSTATE[HY000] [1045] Access denied for user 'microcms_user'@'localhost' (using password: YES) (uncaught exception) at G:\xampp\htdocs\microcms\vendor\doctrine\dbal\lib\Doctrine\DBAL\Driver\PDOConnection.php line 40 {"exception":"[object] (PDOException: SQLSTATE[HY000] [1045] Access denied for user 'microcms_user'@'localhost' (using password: YES) at G:\\xampp\\htdocs\\microcms\\vendor\\doctrine\\dbal\\lib\\Doctrine\\DBAL\\Driver\\PDOConnection.php:40)"} []
[2014-12-02 08:37:38] MicroCMS.INFO: < 500 [] []
[2014-12-02 08:37:38] MicroCMS.INFO: Matched route "_wdt" (parameters: "_controller": "web_profiler.controller.profiler:toolbarAction", "token": "5a8ec6", "_route": "_wdt") [] []
[2014-12-02 08:37:38] MicroCMS.INFO: Populated SecurityContext with an anonymous Token [] []
[2014-12-02 08:37:38] MicroCMS.INFO: > GET /_profiler/wdt/5a8ec6 [] []
[2014-12-02 08:37:38] MicroCMS.ERROR: Symfony\Component\HttpKernel\Exception\NotFoundHttpException: No route found for "GET /favicon.ico" (uncaught exception) at G:\xampp\htdocs\microcms\vendor\symfony\http-kernel\Symfony\Component\HttpKernel\EventListener\RouterListener.php line 145 {"exception":"[object] (Symfony\\Component\\HttpKernel\\Exception\\NotFoundHttpException: No route found for \"GET /favicon.ico\" at G:\\xampp\\htdocs\\microcms\\vendor\\symfony\\http-kernel\\Symfony\\Component\\HttpKernel\\EventListener\\RouterListener.php:145, Symfony\\Component\\Routing\\Exception\\ResourceNotFoundException:  at G:\\xampp\\htdocs\\microcms\\vendor\\symfony\\routing\\Symfony\\Component\\Routing\\Matcher\\UrlMatcher.php:96)"} []
[2014-12-02 08:37:39] MicroCMS.INFO: < 404 [] []
[2014-12-02 08:37:39] MicroCMS.ERROR: Symfony\Component\HttpKernel\Exception\NotFoundHttpException: No route found for "GET /favicon.ico" (uncaught exception) at G:\xampp\htdocs\microcms\vendor\symfony\http-kernel\Symfony\Component\HttpKernel\EventListener\RouterListener.php line 145 {"exception":"[object] (Symfony\\Component\\HttpKernel\\Exception\\NotFoundHttpException: No route found for \"GET /favicon.ico\" at G:\\xampp\\htdocs\\microcms\\vendor\\symfony\\http-kernel\\Symfony\\Component\\HttpKernel\\EventListener\\RouterListener.php:145, Symfony\\Component\\Routing\\Exception\\ResourceNotFoundException:  at G:\\xampp\\htdocs\\microcms\\vendor\\symfony\\routing\\Symfony\\Component\\Routing\\Matcher\\UrlMatcher.php:96)"} []
[2014-12-02 08:37:39] MicroCMS.INFO: < 404 [] []
[2014-12-02 08:37:39] MicroCMS.INFO: < 200 [] []
[2014-12-02 08:37:43] MicroCMS.INFO: Matched route "login" (parameters: "_controller": "{}", "_route": "login") [] []
[2014-12-02 08:37:43] MicroCMS.INFO: Populated SecurityContext with an anonymous Token [] []
[2014-12-02 08:37:43] MicroCMS.INFO: > GET /login [] []
[2014-12-02 08:37:43] MicroCMS.INFO: < 200 [] []
[2014-12-02 08:37:44] MicroCMS.INFO: Matched route "_wdt" (parameters: "_controller": "web_profiler.controller.profiler:toolbarAction", "token": "bf8afa", "_route": "_wdt") [] []
[2014-12-02 08:37:44] MicroCMS.INFO: Populated SecurityContext with an anonymous Token [] []
[2014-12-02 08:37:44] MicroCMS.INFO: > GET /_profiler/wdt/bf8afa [] []
[2014-12-02 08:37:44] MicroCMS.INFO: < 200 [] []
[2014-12-02 08:37:47] MicroCMS.INFO: Matched route "login_check" (parameters: "_controller": "null", "_route": "login_check") [] []
[2014-12-02 08:37:47] MicroCMS.INFO: Authentication request failed: SQLSTATE[HY000] [1045] Access denied for user 'microcms_user'@'localhost' (using password: YES) [] []
[2014-12-02 08:37:47] MicroCMS.INFO: < 302 http://localhost2/login [] []
[2014-12-02 08:37:47] MicroCMS.INFO: Matched route "login" (parameters: "_controller": "{}", "_route": "login") [] []
[2014-12-02 08:37:47] MicroCMS.INFO: Populated SecurityContext with an anonymous Token [] []
[2014-12-02 08:37:47] MicroCMS.INFO: > GET /login [] []
[2014-12-02 08:37:47] MicroCMS.INFO: < 200 [] []
[2014-12-02 08:37:47] MicroCMS.INFO: Matched route "_wdt" (parameters: "_controller": "web_profiler.controller.profiler:toolbarAction", "token": "134fd7", "_route": "_wdt") [] []
[2014-12-02 08:37:47] MicroCMS.INFO: Populated SecurityContext with an anonymous Token [] []
[2014-12-02 08:37:47] MicroCMS.INFO: > GET /_profiler/wdt/134fd7 [] []
[2014-12-02 08:37:48] MicroCMS.INFO: < 200 [] []
[2014-12-02 08:38:31] MicroCMS.INFO: Matched route "login_check" (parameters: "_controller": "null", "_route": "login_check") [] []
[2014-12-02 08:38:31] MicroCMS.INFO: Authentication request failed: Bad credentials [] []
[2014-12-02 08:38:31] MicroCMS.INFO: < 302 http://localhost2/login [] []
[2014-12-02 08:38:32] MicroCMS.INFO: Matched route "login" (parameters: "_controller": "{}", "_route": "login") [] []
[2014-12-02 08:38:32] MicroCMS.INFO: Populated SecurityContext with an anonymous Token [] []
[2014-12-02 08:38:32] MicroCMS.INFO: > GET /login [] []
[2014-12-02 08:38:32] MicroCMS.INFO: < 200 [] []
[2014-12-02 08:38:32] MicroCMS.INFO: Matched route "_wdt" (parameters: "_controller": "web_profiler.controller.profiler:toolbarAction", "token": "e14d8e", "_route": "_wdt") [] []
[2014-12-02 08:38:32] MicroCMS.INFO: Populated SecurityContext with an anonymous Token [] []
[2014-12-02 08:38:32] MicroCMS.INFO: > GET /_profiler/wdt/e14d8e [] []
[2014-12-02 08:38:32] MicroCMS.INFO: < 200 [] []
[2014-12-02 08:38:34] MicroCMS.INFO: Matched route "login_check" (parameters: "_controller": "null", "_route": "login_check") [] []
[2014-12-02 08:38:34] MicroCMS.INFO: Authentication request failed: Bad credentials [] []
[2014-12-02 08:38:34] MicroCMS.INFO: < 302 http://localhost2/login [] []
[2014-12-02 08:39:48] MicroCMS.INFO: Matched route "login" (parameters: "_controller": "{}", "_route": "login") [] []
[2014-12-02 08:39:48] MicroCMS.INFO: Populated SecurityContext with an anonymous Token [] []
[2014-12-02 08:39:48] MicroCMS.INFO: > GET /login [] []
[2014-12-02 08:39:48] MicroCMS.INFO: < 200 [] []
[2014-12-02 08:39:49] MicroCMS.INFO: Matched route "_wdt" (parameters: "_controller": "web_profiler.controller.profiler:toolbarAction", "token": "fc6d7a", "_route": "_wdt") [] []
[2014-12-02 08:39:49] MicroCMS.INFO: Populated SecurityContext with an anonymous Token [] []
[2014-12-02 08:39:49] MicroCMS.INFO: > GET /_profiler/wdt/fc6d7a [] []
[2014-12-02 08:39:49] MicroCMS.INFO: < 200 [] []
[2014-12-02 08:39:52] MicroCMS.INFO: Matched route "login_check" (parameters: "_controller": "null", "_route": "login_check") [] []
[2014-12-02 08:39:52] MicroCMS.INFO: User "admin" has been authenticated successfully [] []
[2014-12-02 08:39:52] MicroCMS.INFO: < 302 http://localhost2/ [] []
[2014-12-02 08:39:52] MicroCMS.INFO: Matched route "GET_" (parameters: "_controller": "{}", "_route": "GET_") [] []
[2014-12-02 08:39:52] MicroCMS.INFO: > GET / [] []
[2014-12-02 08:39:52] MicroCMS.INFO: < 200 [] []
[2014-12-02 08:39:52] MicroCMS.INFO: Matched route "_wdt" (parameters: "_controller": "web_profiler.controller.profiler:toolbarAction", "token": "cc0e1c", "_route": "_wdt") [] []
[2014-12-02 08:39:52] MicroCMS.INFO: > GET /_profiler/wdt/cc0e1c [] []
[2014-12-02 08:39:53] MicroCMS.INFO: < 200 [] []
[2014-12-02 08:42:02] MicroCMS.INFO: Matched route "GET_api_articles" (parameters: "_controller": "{}", "_route": "GET_api_articles") [] []
[2014-12-02 08:42:02] MicroCMS.INFO: > GET /api/articles [] []
[2014-12-02 08:42:02] MicroCMS.INFO: < 200 [] []
[2014-12-02 08:46:41] MicroCMS.ERROR: Symfony\Component\HttpKernel\Exception\NotFoundHttpException: No route found for "GET /favicon.ico" (uncaught exception) at G:\xampp\htdocs\microcms\vendor\symfony\http-kernel\Symfony\Component\HttpKernel\EventListener\RouterListener.php line 145 {"exception":"[object] (Symfony\\Component\\HttpKernel\\Exception\\NotFoundHttpException: No route found for \"GET /favicon.ico\" at G:\\xampp\\htdocs\\microcms\\vendor\\symfony\\http-kernel\\Symfony\\Component\\HttpKernel\\EventListener\\RouterListener.php:145, Symfony\\Component\\Routing\\Exception\\ResourceNotFoundException:  at G:\\xampp\\htdocs\\microcms\\vendor\\symfony\\routing\\Symfony\\Component\\Routing\\Matcher\\UrlMatcher.php:96)"} []
[2014-12-02 08:46:43] MicroCMS.INFO: < 404 [] []
[2014-12-02 08:46:43] MicroCMS.ERROR: Symfony\Component\HttpKernel\Exception\NotFoundHttpException: No route found for "GET /favicon.ico" (uncaught exception) at G:\xampp\htdocs\microcms\vendor\symfony\http-kernel\Symfony\Component\HttpKernel\EventListener\RouterListener.php line 145 {"exception":"[object] (Symfony\\Component\\HttpKernel\\Exception\\NotFoundHttpException: No route found for \"GET /favicon.ico\" at G:\\xampp\\htdocs\\microcms\\vendor\\symfony\\http-kernel\\Symfony\\Component\\HttpKernel\\EventListener\\RouterListener.php:145, Symfony\\Component\\Routing\\Exception\\ResourceNotFoundException:  at G:\\xampp\\htdocs\\microcms\\vendor\\symfony\\routing\\Symfony\\Component\\Routing\\Matcher\\UrlMatcher.php:96)"} []
[2014-12-02 08:46:43] MicroCMS.INFO: < 404 [] []
[2014-12-02 08:47:19] MicroCMS.INFO: Matched route "GET_api_articles" (parameters: "_controller": "{}", "_route": "GET_api_articles") [] []
[2014-12-02 08:47:19] MicroCMS.INFO: > GET /api/articles [] []
[2014-12-02 08:47:19] MicroCMS.INFO: < 200 [] []
[2014-12-02 08:54:00] MicroCMS.INFO: Matched route "GET_api_articles" (parameters: "_controller": "{}", "_route": "GET_api_articles") [] []
[2014-12-02 08:54:01] MicroCMS.INFO: > GET /api/articles [] []
[2014-12-02 08:54:01] MicroCMS.INFO: < 200 [] []
[2014-12-02 08:54:31] MicroCMS.INFO: Matched route "GET_admin" (parameters: "_controller": "{}", "_route": "GET_admin") [] []
[2014-12-02 08:54:31] MicroCMS.INFO: > GET /admin [] []
[2014-12-02 08:54:31] MicroCMS.INFO: < 200 [] []
[2014-12-02 08:54:31] MicroCMS.INFO: Matched route "_wdt" (parameters: "_controller": "web_profiler.controller.profiler:toolbarAction", "token": "e44f96", "_route": "_wdt") [] []
[2014-12-02 08:54:31] MicroCMS.INFO: > GET /_profiler/wdt/e44f96 [] []
[2014-12-02 08:54:32] MicroCMS.INFO: < 200 [] []
[2014-12-02 08:54:34] MicroCMS.INFO: Matched route "_admin_article_add" (parameters: "_controller": "{}", "_route": "_admin_article_add") [] []
[2014-12-02 08:54:34] MicroCMS.INFO: > GET /admin/article/add [] []
[2014-12-02 08:54:34] MicroCMS.INFO: < 200 [] []
[2014-12-02 08:54:34] MicroCMS.INFO: Matched route "_wdt" (parameters: "_controller": "web_profiler.controller.profiler:toolbarAction", "token": "4bc6a6", "_route": "_wdt") [] []
[2014-12-02 08:54:34] MicroCMS.INFO: > GET /_profiler/wdt/4bc6a6 [] []
[2014-12-02 08:54:35] MicroCMS.INFO: < 200 [] []
[2014-12-02 08:55:02] MicroCMS.INFO: Matched route "_admin_article_add" (parameters: "_controller": "{}", "_route": "_admin_article_add") [] []
[2014-12-02 08:55:02] MicroCMS.INFO: > POST /admin/article/add [] []
[2014-12-02 08:55:03] MicroCMS.INFO: < 200 [] []
[2014-12-02 08:55:03] MicroCMS.INFO: Matched route "_wdt" (parameters: "_controller": "web_profiler.controller.profiler:toolbarAction", "token": "aacfde", "_route": "_wdt") [] []
[2014-12-02 08:55:03] MicroCMS.INFO: > GET /_profiler/wdt/aacfde [] []
[2014-12-02 08:55:03] MicroCMS.INFO: < 200 [] []
[2014-12-02 08:55:04] MicroCMS.INFO: Matched route "GET_admin" (parameters: "_controller": "{}", "_route": "GET_admin") [] []
[2014-12-02 08:55:04] MicroCMS.INFO: > GET /admin [] []
[2014-12-02 08:55:04] MicroCMS.INFO: < 200 [] []
[2014-12-02 08:55:04] MicroCMS.INFO: Matched route "_wdt" (parameters: "_controller": "web_profiler.controller.profiler:toolbarAction", "token": "dd057c", "_route": "_wdt") [] []
[2014-12-02 08:55:04] MicroCMS.INFO: > GET /_profiler/wdt/dd057c [] []
[2014-12-02 08:55:05] MicroCMS.INFO: < 200 [] []
[2014-12-02 08:55:09] MicroCMS.INFO: Matched route "GET_api_articles" (parameters: "_controller": "{}", "_route": "GET_api_articles") [] []
[2014-12-02 08:55:09] MicroCMS.INFO: > GET /api/articles [] []
[2014-12-02 08:55:09] MicroCMS.INFO: < 200 [] []
[2014-12-02 08:55:16] MicroCMS.INFO: Matched route "GET_api_articles" (parameters: "_controller": "{}", "_route": "GET_api_articles") [] []
[2014-12-02 08:55:16] MicroCMS.INFO: > GET /api/articles [] []
[2014-12-02 08:55:16] MicroCMS.INFO: < 200 [] []
[2014-12-02 08:55:36] MicroCMS.ERROR: Symfony\Component\HttpKernel\Exception\MethodNotAllowedHttpException: No route found for "POST /api/articles": Method Not Allowed (Allow: GET) (uncaught exception) at G:\xampp\htdocs\microcms\vendor\symfony\http-kernel\Symfony\Component\HttpKernel\EventListener\RouterListener.php line 149 {"exception":"[object] (Symfony\\Component\\HttpKernel\\Exception\\MethodNotAllowedHttpException: No route found for \"POST /api/articles\": Method Not Allowed (Allow: GET) at G:\\xampp\\htdocs\\microcms\\vendor\\symfony\\http-kernel\\Symfony\\Component\\HttpKernel\\EventListener\\RouterListener.php:149, Symfony\\Component\\Routing\\Exception\\MethodNotAllowedException:  at G:\\xampp\\htdocs\\microcms\\vendor\\symfony\\routing\\Symfony\\Component\\Routing\\Matcher\\UrlMatcher.php:95)"} []
[2014-12-02 08:55:36] MicroCMS.INFO: < 405 [] []
[2014-12-02 08:55:47] MicroCMS.ERROR: Symfony\Component\HttpKernel\Exception\MethodNotAllowedHttpException: No route found for "POST /api/articles": Method Not Allowed (Allow: GET) (uncaught exception) at G:\xampp\htdocs\microcms\vendor\symfony\http-kernel\Symfony\Component\HttpKernel\EventListener\RouterListener.php line 149 {"exception":"[object] (Symfony\\Component\\HttpKernel\\Exception\\MethodNotAllowedHttpException: No route found for \"POST /api/articles\": Method Not Allowed (Allow: GET) at G:\\xampp\\htdocs\\microcms\\vendor\\symfony\\http-kernel\\Symfony\\Component\\HttpKernel\\EventListener\\RouterListener.php:149, Symfony\\Component\\Routing\\Exception\\MethodNotAllowedException:  at G:\\xampp\\htdocs\\microcms\\vendor\\symfony\\routing\\Symfony\\Component\\Routing\\Matcher\\UrlMatcher.php:95)"} []
[2014-12-02 08:55:47] MicroCMS.INFO: < 405 [] []
[2014-12-02 08:56:18] MicroCMS.INFO: Matched route "GET_" (parameters: "_controller": "{}", "_route": "GET_") [] []
[2014-12-02 08:56:18] MicroCMS.INFO: > GET / [] []
[2014-12-02 08:56:18] MicroCMS.INFO: < 200 [] []
[2014-12-02 08:56:18] MicroCMS.INFO: Matched route "_wdt" (parameters: "_controller": "web_profiler.controller.profiler:toolbarAction", "token": "a886ce", "_route": "_wdt") [] []
[2014-12-02 08:56:18] MicroCMS.INFO: > GET /_profiler/wdt/a886ce [] []
[2014-12-02 08:56:19] MicroCMS.INFO: < 200 [] []
[2014-12-02 08:56:34] MicroCMS.INFO: Matched route "_article_id" (parameters: "_controller": "{}", "id": "4", "_route": "_article_id") [] []
[2014-12-02 08:56:34] MicroCMS.INFO: > GET /article/4 [] []
[2014-12-02 08:56:34] MicroCMS.INFO: < 200 [] []
[2014-12-02 08:56:34] MicroCMS.INFO: Matched route "_wdt" (parameters: "_controller": "web_profiler.controller.profiler:toolbarAction", "token": "ed7d96", "_route": "_wdt") [] []
[2014-12-02 08:56:34] MicroCMS.INFO: > GET /_profiler/wdt/ed7d96 [] []
[2014-12-02 08:56:35] MicroCMS.INFO: < 200 [] []
[2014-12-02 08:56:53] MicroCMS.INFO: Matched route "_article_id" (parameters: "_controller": "{}", "id": "4", "_route": "_article_id") [] []
[2014-12-02 08:56:53] MicroCMS.INFO: > DELETE /article/4 [] []
[2014-12-02 08:56:53] MicroCMS.INFO: < 200 [] []
[2014-12-02 08:57:01] MicroCMS.INFO: Matched route "GET_" (parameters: "_controller": "{}", "_route": "GET_") [] []
[2014-12-02 08:57:01] MicroCMS.INFO: > GET / [] []
[2014-12-02 08:57:01] MicroCMS.INFO: < 200 [] []
[2014-12-02 08:57:01] MicroCMS.INFO: Matched route "_wdt" (parameters: "_controller": "web_profiler.controller.profiler:toolbarAction", "token": "c90a0a", "_route": "_wdt") [] []
[2014-12-02 08:57:01] MicroCMS.INFO: > GET /_profiler/wdt/c90a0a [] []
[2014-12-02 08:57:02] MicroCMS.INFO: < 200 [] []
[2014-12-02 08:57:52] MicroCMS.INFO: Matched route "_article_id" (parameters: "_controller": "{}", "id": "4", "_route": "_article_id") [] []
[2014-12-02 08:57:52] MicroCMS.INFO: > DELETE /article/4 [] []
[2014-12-02 08:57:52] MicroCMS.INFO: < 200 [] []
[2014-12-02 08:58:04] MicroCMS.INFO: Matched route "_article_id" (parameters: "_controller": "{}", "id": "4", "_route": "_article_id") [] []
[2014-12-02 08:58:04] MicroCMS.INFO: > GET /article/4 [] []
[2014-12-02 08:58:04] MicroCMS.INFO: < 200 [] []
[2014-12-02 08:58:04] MicroCMS.INFO: Matched route "_wdt" (parameters: "_controller": "web_profiler.controller.profiler:toolbarAction", "token": "bf2bb0", "_route": "_wdt") [] []
[2014-12-02 08:58:04] MicroCMS.INFO: > GET /_profiler/wdt/bf2bb0 [] []
[2014-12-02 08:58:05] MicroCMS.INFO: < 200 [] []
[2014-12-02 09:01:01] MicroCMS.INFO: Matched route "GET_" (parameters: "_controller": "{}", "_route": "GET_") [] []
[2014-12-02 09:01:01] MicroCMS.INFO: > GET / [] []
[2014-12-02 09:01:01] MicroCMS.INFO: < 200 [] []
[2014-12-02 09:01:01] MicroCMS.INFO: Matched route "_wdt" (parameters: "_controller": "web_profiler.controller.profiler:toolbarAction", "token": "2e19ee", "_route": "_wdt") [] []
[2014-12-02 09:01:01] MicroCMS.INFO: > GET /_profiler/wdt/2e19ee [] []
[2014-12-02 09:01:02] MicroCMS.INFO: < 200 [] []
[2014-12-02 09:01:30] MicroCMS.INFO: Matched route "_article_id" (parameters: "_controller": "{}", "id": "4", "_route": "_article_id") [] []
[2014-12-02 09:01:30] MicroCMS.INFO: > DELETE /article/4 [] []
[2014-12-02 09:01:30] MicroCMS.INFO: < 200 [] []
[2014-12-02 09:01:32] MicroCMS.INFO: Matched route "_article_id" (parameters: "_controller": "{}", "id": "4", "_route": "_article_id") [] []
[2014-12-02 09:01:32] MicroCMS.INFO: > DELETE /article/4 [] []
[2014-12-02 09:01:32] MicroCMS.INFO: < 200 [] []
[2014-12-02 09:01:35] MicroCMS.INFO: Matched route "_article_id" (parameters: "_controller": "{}", "id": "4", "_route": "_article_id") [] []
[2014-12-02 09:01:35] MicroCMS.INFO: > DELETE /article/4 [] []
[2014-12-02 09:01:36] MicroCMS.INFO: < 200 [] []
[2014-12-02 09:01:46] MicroCMS.INFO: Matched route "GET_" (parameters: "_controller": "{}", "_route": "GET_") [] []
[2014-12-02 09:01:46] MicroCMS.INFO: > GET / [] []
[2014-12-02 09:01:46] MicroCMS.INFO: < 200 [] []
[2014-12-02 09:01:46] MicroCMS.INFO: Matched route "_wdt" (parameters: "_controller": "web_profiler.controller.profiler:toolbarAction", "token": "3f70e1", "_route": "_wdt") [] []
[2014-12-02 09:01:46] MicroCMS.INFO: > GET /_profiler/wdt/3f70e1 [] []
[2014-12-02 09:01:47] MicroCMS.INFO: < 200 [] []
[2014-12-02 09:01:48] MicroCMS.INFO: Matched route "GET_" (parameters: "_controller": "{}", "_route": "GET_") [] []
[2014-12-02 09:01:48] MicroCMS.INFO: > GET / [] []
[2014-12-02 09:01:48] MicroCMS.INFO: < 200 [] []
[2014-12-02 09:01:48] MicroCMS.INFO: Matched route "_wdt" (parameters: "_controller": "web_profiler.controller.profiler:toolbarAction", "token": "9f3769", "_route": "_wdt") [] []
[2014-12-02 09:01:48] MicroCMS.INFO: > GET /_profiler/wdt/9f3769 [] []
[2014-12-02 09:01:49] MicroCMS.INFO: < 200 [] []
[2014-12-02 09:02:18] MicroCMS.INFO: Matched route "_article_id" (parameters: "_controller": "{}", "id": "4", "_route": "_article_id") [] []
[2014-12-02 09:02:18] MicroCMS.INFO: > DELETE /article/4 [] []
[2014-12-02 09:02:19] MicroCMS.INFO: < 200 [] []
[2014-12-02 09:02:21] MicroCMS.INFO: Matched route "GET_" (parameters: "_controller": "{}", "_route": "GET_") [] []
[2014-12-02 09:02:21] MicroCMS.INFO: > GET / [] []
[2014-12-02 09:02:21] MicroCMS.INFO: < 200 [] []
[2014-12-02 09:02:21] MicroCMS.INFO: Matched route "_wdt" (parameters: "_controller": "web_profiler.controller.profiler:toolbarAction", "token": "4a22e8", "_route": "_wdt") [] []
[2014-12-02 09:02:21] MicroCMS.INFO: > GET /_profiler/wdt/4a22e8 [] []
[2014-12-02 09:02:22] MicroCMS.INFO: < 200 [] []
[2014-12-02 09:03:16] MicroCMS.INFO: Matched route "DELETE_api_article_id" (parameters: "_controller": "{}", "id": "4", "_route": "DELETE_api_article_id") [] []
[2014-12-02 09:03:16] MicroCMS.INFO: > DELETE /api/article/4 [] []
[2014-12-02 09:03:16] MicroCMS.INFO: < 204 [] []
[2014-12-02 09:03:21] MicroCMS.INFO: Matched route "GET_" (parameters: "_controller": "{}", "_route": "GET_") [] []
[2014-12-02 09:03:21] MicroCMS.INFO: > GET / [] []
[2014-12-02 09:03:21] MicroCMS.INFO: < 200 [] []
[2014-12-02 09:03:21] MicroCMS.INFO: Matched route "_wdt" (parameters: "_controller": "web_profiler.controller.profiler:toolbarAction", "token": "3e0e69", "_route": "_wdt") [] []
[2014-12-02 09:03:21] MicroCMS.INFO: > GET /_profiler/wdt/3e0e69 [] []
[2014-12-02 09:03:21] MicroCMS.INFO: < 200 [] []
[2014-12-02 09:09:50] MicroCMS.INFO: Matched route "GET_" (parameters: "_controller": "MicroCMS\Controller\HomeController::indexAction", "_route": "GET_") [] []
[2014-12-02 09:09:50] MicroCMS.INFO: > GET / [] []
[2014-12-02 09:09:51] MicroCMS.INFO: < 200 [] []
[2014-12-02 09:09:51] MicroCMS.INFO: Matched route "_wdt" (parameters: "_controller": "web_profiler.controller.profiler:toolbarAction", "token": "33e813", "_route": "_wdt") [] []
[2014-12-02 09:09:51] MicroCMS.INFO: > GET /_profiler/wdt/33e813 [] []
[2014-12-02 09:09:51] MicroCMS.INFO: < 200 [] []
